TN:
SF:/home/tex/Projects/tdd/src/components/NewRestaurantForm.vue
FN:39,(anonymous_1)
FN:50,(anonymous_2)
FN:54,(anonymous_3)
FN:57,(anonymous_4)
FNF:4
FNH:4
FNDA:12,(anonymous_1)
FNDA:12,(anonymous_2)
FNDA:6,(anonymous_3)
FNDA:3,(anonymous_4)
DA:36,1
DA:40,12
DA:51,12
DA:52,9
DA:53,9
DA:54,9
DA:56,6
DA:59,3
DA:62,3
LF:9
LH:9
BRDA:51,0,0,9
BRDA:51,0,1,3
BRF:2
BRH:2
end_of_record
TN:
SF:/home/tex/Projects/tdd/src/components/RestaurantList.vue
FN:30,(anonymous_1)
FN:37,(anonymous_2)
FN:38,(anonymous_3)
FN:39,(anonymous_4)
FNF:4
FNH:4
FNDA:6,(anonymous_1)
FNDA:6,(anonymous_2)
FNDA:6,(anonymous_3)
FNDA:6,(anonymous_4)
DA:27,1
DA:31,6
DA:37,6
DA:38,6
DA:39,6
LF:5
LH:5
BRF:0
BRH:0
end_of_record
TN:
SF:/home/tex/Projects/tdd/src/store/restaurants.js
FN:1,(anonymous_0)
FN:10,(anonymous_1)
FN:14,(anonymous_2)
FN:17,(anonymous_3)
FN:21,(anonymous_4)
FN:22,(anonymous_5)
FN:28,(anonymous_6)
FN:32,(anonymous_7)
FN:36,(anonymous_8)
FN:40,(anonymous_9)
FNF:10
FNH:10
FNDA:12,(anonymous_0)
FNDA:7,(anonymous_1)
FNDA:2,(anonymous_2)
FNDA:2,(anonymous_3)
FNDA:4,(anonymous_4)
FNDA:3,(anonymous_5)
FNDA:2,(anonymous_6)
FNDA:7,(anonymous_7)
FNDA:2,(anonymous_8)
FNDA:3,(anonymous_9)
DA:1,12
DA:11,7
DA:12,7
DA:15,2
DA:18,2
DA:22,4
DA:23,3
DA:29,2
DA:30,2
DA:33,7
DA:34,7
DA:37,2
DA:38,2
DA:41,3
LF:14
LH:14
BRF:0
BRH:0
end_of_record
